2024-06-06T13:22:38.565Z - info: Unknown has made a POST request to /admin/login
2024-06-06T13:22:39.246Z - info: Unknown has made a GET request to /sales-data
2024-06-06T13:22:39.314Z - info: Unknown has made a GET request to /customers-data
2024-06-06T13:22:39.990Z - info: Unknown has made a GET request to /chartData
2024-06-06T13:22:39.994Z - info: Unknown has made a GET request to /radarChartData
2024-06-06T13:22:47.233Z - info: Unknown has made a GET request to /data
2024-06-13T13:37:31.309Z - info: Unknown has made a POST request to /admin/login
2024-06-13T13:37:31.552Z - info: Unknown has made a GET request to /sales-data
2024-06-13T13:37:31.577Z - info: Unknown has made a GET request to /customers-data
2024-06-13T13:37:34.986Z - info: Unknown has made a GET request to /chartData
2024-06-13T13:37:34.991Z - info: Unknown has made a GET request to /radarChartData
2024-06-13T13:37:35.045Z - info: Unknown has made a GET request to /top-markets
2024-06-13T13:37:35.047Z - info: Unknown has made a GET request to /admin-list-data
2024-06-13T13:37:37.902Z - info: Unknown has made a GET request to /search
2024-06-13T13:37:47.500Z - info: Unknown has made a GET request to /search
2024-06-13T13:38:14.398Z - info: Unknown has made a POST request to /admin/login
2024-06-13T13:38:14.613Z - info: Unknown has made a GET request to /sales-data
2024-06-13T13:38:14.614Z - info: Unknown has made a GET request to /customers-data
2024-06-13T13:38:14.774Z - info: Unknown has made a GET request to /chartData
2024-06-13T13:38:14.775Z - info: Unknown has made a GET request to /radarChartData
2024-06-13T13:38:14.839Z - info: Unknown has made a GET request to /top-markets
2024-06-13T13:38:14.856Z - info: Unknown has made a GET request to /admin-list-data
2024-06-13T13:38:18.739Z - info: Unknown has made a GET request to /api/users
2024-06-13T14:12:45.698Z - info: Unknown has made a POST request to /admin/login
2024-06-13T14:12:45.912Z - info: Unknown has made a GET request to /sales-data
2024-06-13T14:12:45.928Z - info: Unknown has made a GET request to /customers-data
2024-06-13T14:12:46.046Z - info: Unknown has made a GET request to /chartData
2024-06-13T14:12:46.049Z - info: Unknown has made a GET request to /radarChartData
2024-06-13T14:12:46.085Z - info: Unknown has made a GET request to /top-markets
2024-06-13T14:12:46.101Z - info: Unknown has made a GET request to /admin-list-data
2024-06-13T14:12:51.259Z - info: Unknown has made a GET request to /api/users
2024-06-13T14:13:09.685Z - info: Unknown has made a GET request to /api/users
2024-06-13T14:13:12.505Z - info: Unknown has made a GET request to /api/users
2024-06-13T14:13:20.421Z - info: Unknown has made a GET request to /search
2024-06-13T14:14:50.247Z - info: Unknown has made a GET request to /search
2024-06-13T14:15:09.934Z - info: Unknown has made a GET request to /search
2024-06-13T14:15:51.070Z - info: Unknown has made a GET request to /api/users
2024-06-13T14:16:08.798Z - info: Unknown has made a GET request to /search
2024-06-13T14:19:18.048Z - info: Unknown has made a GET request to /search
2024-06-13T14:22:41.337Z - info: Unknown has made a GET request to /search
2024-06-13T14:26:04.741Z - info: Unknown has made a GET request to /search
2024-06-13T14:26:18.942Z - info: Unknown has made a GET request to /search
2024-06-13T14:26:40.735Z - info: Unknown has made a GET request to /search
2024-06-13T14:26:42.515Z - info: Unknown has made a GET request to /search
2024-06-13T14:27:32.941Z - info: Unknown has made a GET request to /search
2024-06-13T14:27:45.998Z - info: Unknown has made a GET request to /search
2024-06-13T14:28:00.926Z - info: Unknown has made a GET request to /search
2024-06-13T14:28:59.160Z - info: Unknown has made a GET request to /search
2024-06-13T14:29:57.075Z - info: Unknown has made a GET request to /search
2024-06-13T14:30:04.840Z - info: Unknown has made a GET request to /search
2024-06-13T14:30:50.327Z - info: Unknown has made a GET request to /search
2024-06-13T14:30:51.799Z - info: Unknown has made a GET request to /search
2024-06-13T14:30:57.131Z - info: Unknown has made a GET request to /search
2024-06-13T14:31:12.291Z - info: Unknown has made a GET request to /search
2024-06-13T14:31:41.343Z - info: Unknown has made a GET request to /search
